[1/11] Performing build step for 'bootloader'
[1/1] cmd.exe /C "cd /D C:\esp32_projects\test1\build\bootloader\esp-idf\esptool_py && C:\Espressif\python_env\idf5.2_py3.11_env\Scripts\python.exe C:/Espressif/frameworks/esp-idf-v5.2.1/components/partition_table/check_sizes.py --offset 0x8000 bootloader 0x1000 C:/esp32_projects/test1/build/bootloader/bootloader.bin"
Bootloader binary size 0x6860 bytes. 0x7a0 bytes (7%) free.
[2/9] Building C object esp-idf/wifi/CMakeFiles/__idf_wifi.dir/wifi.c.obj
[3/9] Building C object esp-idf/main/CMakeFiles/__idf_main.dir/main.c.obj
[4/9] Linking C static library esp-idf\wifi\libwifi.a
[5/9] Linking C static library esp-idf\main\libmain.a
[6/9] Generating ld/sections.ld
[7/9] Linking CXX executable test1.elf
FAILED: test1.elf 
cmd.exe /C "cd . && C:\Espressif\tools\xtensa-esp-elf\esp-13.2.0_20230928\xtensa-esp-elf\bin\xtensa-esp32-elf-g++.exe -mlongcalls -Wno-frame-address -Wl,--cref -Wl,--defsym=IDF_TARGET_ESP32=0 -Wl,--Map=C:/esp32_projects/test1/build/test1.map -Wl,--no-warn-rwx-segments -fno-rtti -fno-lto -Wl,--gc-sections -Wl,--warn-common -T esp32.peripherals.ld -T esp32.rom.ld -T esp32.rom.api.ld -T esp32.rom.libgcc.ld -T esp32.rom.newlib-data.ld -T esp32.rom.syscalls.ld -T esp32.rom.newlib-funcs.ld -T memory.ld -T sections.ld @CMakeFiles\test1.elf.rsp -o test1.elf  && cd ."
C:/Espressif/tools/xtensa-esp-elf/esp-13.2.0_20230928/xtensa-esp-elf/bin/../lib/gcc/xtensa-esp-elf/13.2.0/../../../../xtensa-esp-elf/bin/ld.exe: esp-idf/wifi/libwifi.a(wifi.c.obj):C:/esp32_projects/test1/components/wifi/wifi.c:12: multiple definition of `wifi_semaphore'; esp-idf/main/libmain.a(main.c.obj):C:/esp32_projects/test1/main/main.c:13: first defined here
collect2.exe: error: ld returned 1 exit status
ninja: build stopped: subcommand failed.
